[19:44:45] [main/INFO]: Loading Minecraft 1.20.4 with Fabric Loader 0.15.11
[19:44:45] [main/WARN]: Warnings were found!
 - Mod 'ViaBackwards' (viabackwards) 4.10.3-SNAPSHOT recommends any version of viarewind, which is missing!
	 - You should install any version of viarewind for the optimal experience.
[19:44:45] [main/INFO]: Loading 82 mods:
	- fabric-api 0.97.0+1.20.4
	   |-- fabric-api-base 0.4.37+78d798af4f
	   |-- fabric-api-lookup-api-v1 1.6.50+82b1bb3e4f
	   |-- fabric-biome-api-v1 13.0.17+78d798af4f
	   |-- fabric-block-api-v1 1.0.17+3e2216cb4f
	   |-- fabric-block-view-api-v2 1.0.5+78d798af4f
	   |-- fabric-blockrenderlayer-v1 1.1.47+78d798af4f
	   |-- fabric-client-tags-api-v1 1.1.8+78d798af4f
	   |-- fabric-command-api-v1 1.2.42+f71b366f4f
	   |-- fabric-command-api-v2 2.2.21+78d798af4f
	   |-- fabric-commands-v0 0.2.59+df3654b34f
	   |-- fabric-containers-v0 0.1.87+df3654b34f
	   |-- fabric-content-registries-v0 5.0.16+78d798af4f
	   |-- fabric-convention-tags-v1 1.5.11+78d798af4f
	   |-- fabric-crash-report-info-v1 0.2.24+78d798af4f
	   |-- fabric-data-attachment-api-v1 1.1.5+b90db5744f
	   |-- fabric-data-generation-api-v1 13.2.5+5c0133444f
	   |-- fabric-dimensions-v1 2.1.62+78d798af4f
	   |-- fabric-entity-events-v1 1.6.2+09fc25014f
	   |-- fabric-events-interaction-v0 0.7.2+389931eb4f
	   |-- fabric-events-lifecycle-v0 0.2.75+df3654b34f
	   |-- fabric-game-rule-api-v1 1.0.47+78d798af4f
	   |-- fabric-item-api-v1 2.3.0+bcdd12964f
	   |-- fabric-item-group-api-v1 4.0.27+ee30b13a4f
	   |-- fabric-key-binding-api-v1 1.0.42+78d798af4f
	   |-- fabric-keybindings-v0 0.2.40+df3654b34f
	   |-- fabric-lifecycle-events-v1 2.3.1+a67ffb5d4f
	   |-- fabric-loot-api-v2 2.1.10+78d798af4f
	   |-- fabric-message-api-v1 6.0.6+78d798af4f
	   |-- fabric-mining-level-api-v1 2.1.66+78d798af4f
	   |-- fabric-model-loading-api-v1 1.0.9+78d798af4f
	   |-- fabric-models-v0 0.4.8+9386d8a74f
	   |-- fabric-networking-api-v1 3.1.8+2e5ac5484f
	   |-- fabric-object-builder-api-v1 13.1.0+dba1195c4f
	   |-- fabric-particles-v1 1.1.8+78d798af4f
	   |-- fabric-recipe-api-v1 2.0.21+78d798af4f
	   |-- fabric-registry-sync-v0 4.0.20+ee30b13a4f
	   |-- fabric-renderer-api-v1 3.2.5+78d798af4f
	   |-- fabric-renderer-indigo 1.5.5+78d798af4f
	   |-- fabric-renderer-registries-v1 3.2.54+df3654b34f
	   |-- fabric-rendering-data-attachment-v1 0.3.43+73761d2e4f
	   |-- fabric-rendering-fluids-v1 3.1.2+e761c6694f
	   |-- fabric-rendering-v0 1.1.57+df3654b34f
	   |-- fabric-rendering-v1 3.2.1+6fd945a04f
	   |-- fabric-resource-conditions-api-v1 2.3.15+78d798af4f
	   |-- fabric-resource-loader-v0 0.11.21+ee30b13a4f
	   |-- fabric-screen-api-v1 2.0.18+78d798af4f
	   |-- fabric-screen-handler-api-v1 1.3.56+78d798af4f
	   |-- fabric-sound-api-v1 1.0.18+78d798af4f
	   |-- fabric-transfer-api-v1 4.0.12+90f2d7b14f
	   \-- fabric-transitive-access-wideners-v1 5.0.15+78d798af4f
	- fabricloader 0.15.11
	   \-- mixinextras 0.3.5
	- geyser-fabric 2.2.3-SNAPSHOT
	   |-- com_fasterxml_jackson_core_jackson-annotations 2.17.0
	   |-- com_fasterxml_jackson_core_jackson-core 2.17.0
	   |-- com_fasterxml_jackson_core_jackson-databind 2.17.0
	   |-- com_fasterxml_jackson_dataformat_jackson-dataformat-yaml 2.17.0
	   |-- com_github_steveice10_opennbt 1.6
	   |-- com_nukkitx_natives 1.0.3
	   |-- fabric-permissions-api-v0 0.2-SNAPSHOT
	   |-- io_airlift_aircompressor 0.25
	   |-- io_netty_netty-codec-dns 4.1.107
	   |-- io_netty_netty-codec-haproxy 4.1.107
	   |-- io_netty_netty-resolver-dns-classes-macos 4.1.107
	   |-- net_bytebuddy_byte-buddy 1.14.9
	   |-- net_jodah_expiringmap 0.5.10
	   |-- net_kyori_adventure-api 4.15.0
	   |-- net_kyori_adventure-key 4.15.0
	   |-- net_kyori_adventure-nbt 4.15.0
	   |-- net_kyori_adventure-text-serializer-gson 4.15.0
	   |-- net_kyori_adventure-text-serializer-json 4.15.0
	   |-- net_kyori_adventure-text-serializer-json-legacy-impl 4.15.0
	   |-- net_kyori_adventure-text-serializer-legacy 4.15.0
	   |-- net_kyori_adventure-text-serializer-plain 4.15.0
	   |-- net_kyori_examination-api 1.3.0
	   |-- net_kyori_examination-string 1.3.0
	   |-- net_kyori_option 1.0.0
	   |-- org_bitbucket_b_c_jose4j 0.9.3
	   |-- org_cloudburstmc_block-state-updater 1.20.80-20240411.142413-1
	   |-- org_cloudburstmc_math_api 2.0
	   |-- org_cloudburstmc_math_immutable 2.0
	   |-- org_cloudburstmc_nbt 3.0.3
	   |-- org_geysermc_api_base-api 1.0.0-SNAPSHOT
	   |-- org_geysermc_cumulus_cumulus 1.1.2
	   |-- org_geysermc_event_events 1.1-SNAPSHOT
	   |-- org_java-websocket_java-websocket 1.5.1
	   |-- org_lanternpowered_lmbda 2.0.0
	   \-- org_yaml_snakeyaml 2.2
	- java 21
	- minecraft 1.20.4
	- viabackwards 4.10.3-SNAPSHOT
	- viafabric 0.4.14+70-main
	   |-- cotton-client-commands 1.1.0+1.15.2
	   |-- org_yaml_snakeyaml 2.2
	   |-- viafabric-mc1204 0.4.14+70-main
	   \-- viaversion 4.10.2
[19:44:45] [main/INFO]: SpongePowered MIXIN Subsystem Version=0.8.5 Source=file:/workspaces/minecraft-server/servidor_minecraft/libraries/net/fabricmc/sponge-mixin/0.13.3+mixin.0.8.5/sponge-mixin-0.13.3+mixin.0.8.5.jar Service=Knot/Fabric Env=SERVER
[19:44:45] [main/INFO]: Compatibility level set to JAVA_17
[19:44:46] [main/INFO]: Initializing MixinExtras via com.llamalad7.mixinextras.service.MixinExtrasServiceImpl(version=0.3.5).
[19:44:57] [main/INFO]: Loading extensions...
[19:44:57] [main/INFO]: Loaded 0 extension(s)
[19:44:57] [Via-Mappingloader-0/INFO]: Loading block connection mappings ...
[19:44:58] [Via-Mappingloader-0/INFO]: Using FastUtil Long2ObjectOpenHashMap for block connections
[19:44:58] [main/INFO]: Loading translations...
[19:44:58] [main/INFO]: Registering protocols...
[19:44:58] [main/INFO]: ViaVersion detected server version: 1.20.3-1.20.4 (765)
[19:44:58] [ViaFabric-2/INFO]: Finished mapping loading, shutting down loader executor!
[19:44:59] [main/INFO]: Environment: Environment[sessionHost=https://sessionserver.mojang.com, servicesHost=https://api.minecraftservices.com, name=PROD]
[19:45:01] [main/INFO]: Loaded 7 recipes
[19:45:02] [main/INFO]: Loaded 1271 advancements
[19:45:03] [main/INFO]: Applied 0 biome modifications to 0 of 64 new biomes in 2.749 ms
[19:45:03] [Server thread/INFO]: Starting minecraft server version 1.20.4
[19:45:03] [Server thread/INFO]: Loading properties
[19:45:03] [Server thread/INFO]: Default game type: SURVIVAL
[19:45:03] [Server thread/INFO]: Generating keypair
[19:45:03] [Server thread/INFO]: Starting Minecraft server on *:25565
[19:45:03] [Server thread/INFO]: Using epoll channel type
[19:45:03] [Server thread/WARN]: **** SERVER IS RUNNING IN OFFLINE/INSECURE MODE!
[19:45:03] [Server thread/WARN]: The server will make no attempt to authenticate usernames. Beware.
[19:45:03] [Server thread/WARN]: While this makes the game possible to play without internet access, it also opens up the ability for hackers to connect with any username they choose.
[19:45:03] [Server thread/WARN]: To change this, set "online-mode" to "true" in the server.properties file.
[19:45:03] [Server thread/INFO]: Preparing level "world"
[19:45:11] [Server thread/INFO]: Preparing start region for dimension minecraft:overworld
[19:45:16] [Worker-Main-1/INFO]: Preparing spawn area: 0%
[19:45:16] [Worker-Main-1/INFO]: Preparing spawn area: 0%
[19:45:16] [Worker-Main-1/INFO]: Preparing spawn area: 0%
[19:45:16] [Worker-Main-1/INFO]: Preparing spawn area: 0%
[19:45:16] [Worker-Main-1/INFO]: Preparing spawn area: 0%
[19:45:16] [Worker-Main-1/INFO]: Preparing spawn area: 0%
[19:45:16] [Worker-Main-1/INFO]: Preparing spawn area: 0%
[19:45:16] [Worker-Main-1/INFO]: Preparing spawn area: 0%
[19:45:16] [Worker-Main-1/INFO]: Preparing spawn area: 0%
[19:45:16] [Worker-Main-1/INFO]: Preparing spawn area: 0%
[19:45:16] [Worker-Main-1/INFO]: Preparing spawn area: 0%
[19:45:16] [Worker-Main-1/INFO]: Preparing spawn area: 0%
[19:45:17] [Worker-Main-1/INFO]: Preparing spawn area: 0%
[19:45:17] [Server thread/INFO]: Time elapsed: 6673 ms
[19:45:17] [Server thread/INFO]: Done (14.267s)! For help, type "help"
[19:45:17] [Server thread/INFO]: ******************************************
[19:45:17] [Server thread/INFO]: 
[19:45:17] [Server thread/INFO]: Loading Geyser version 2.2.3-SNAPSHOT (git-master-1291b89)
[19:45:17] [Server thread/INFO]: 
[19:45:17] [Server thread/INFO]: ******************************************
[19:45:23] [epollEventLoopGroup-3-2/INFO]: Started Geyser on 0.0.0.0:25565
[19:45:23] [Server thread/INFO]: Done (5.68s)! Run /geyser help for help!
[19:45:23] [Server thread/WARN]: Can't keep up! Is the server overloaded? Running 5725ms or 114 ticks behind
